#
# There is insufficient memory for the Java Runtime Environment to continue.
# Native memory allocation (malloc) failed to allocate 153664 bytes. Error detail: Chunk::new
# Possible reasons:
#   The system is out of physical RAM or swap space
#   This process is running with CompressedOops enabled, and the Java Heap may be blocking the growth of the native heap
# Possible solutions:
#   Reduce memory load on the system
#   Increase physical memory or swap space
#   Check if swap backing store is full
#   Decrease Java heap size (-Xmx/-Xms)
#   Decrease number of Java threads
#   Decrease Java thread stack sizes (-Xss)
#   Set larger code cache with -XX:ReservedCodeCacheSize=
#   JVM is running with Unscaled Compressed Oops mode in which the Java heap is
#     placed in the first 4GB address space. The Java Heap base address is the
#     maximum limit for the native heap growth. Please use -XX:HeapBaseMinAddress
#     to set the Java Heap base and to place the Java Heap above 4GB virtual address.
# This output file may be truncated or incomplete.
#
#  Out of Memory Error (arena.cpp:168), pid=17548, tid=8892
#
# JRE version: OpenJDK Runtime Environment Temurin-21.0.10+7 (21.0.10+7) (build 21.0.10+7-LTS)
# Java VM: OpenJDK 64-Bit Server VM Temurin-21.0.10+7 (21.0.10+7-LTS, mixed mode, sharing, tiered, compressed oops, compressed class ptrs, parallel gc, windows-amd64)
# No core dump will be written. Minidumps are not enabled by default on client versions of Windows
#

---------------  S U M M A R Y ------------

Command Line: --add-modules=ALL-SYSTEM --add-opens=java.base/java.util=ALL-UNNAMED --add-opens=java.base/java.lang=ALL-UNNAMED --add-opens=java.base/sun.nio.fs=ALL-UNNAMED -Declipse.application=org.eclipse.jdt.ls.core.id1 -Dosgi.bundles.defaultStartLevel=4 -Declipse.product=org.eclipse.jdt.ls.core.product -Djava.import.generatesMetadataFilesAtProjectRoot=false -DDetectVMInstallationsJob.disabled=true -Dfile.encoding=utf8 -XX:+UseParallelGC -XX:GCTimeRatio=4 -XX:AdaptiveSizePolicyWeight=90 -Dsun.zip.disableMemoryMapping=true -Xmx2G -Xms100m -Xlog:disable -javaagent:c:\Users\Admin\.vscode\extensions\redhat.java-1.54.0-win32-x64\lombok\lombok-1.18.39-4050.jar c:\Users\Admin\.vscode\extensions\redhat.java-1.54.0-win32-x64\server\plugins\org.eclipse.equinox.launcher_1.7.100.v20251111-0406.jar -configuration c:\Users\Admin\AppData\Roaming\Code\User\globalStorage\redhat.java\1.54.0\config_ss_win -data c:\Users\Admin\AppData\Roaming\Code\User\workspaceStorage\8c70f401a2d6d77753f2398525be7b14\redhat.java\ss_ws --pipe=\\.\pipe\lsp-7c286fff52f218e15e352fcfb950046d-sock

Host: Intel(R) Core(TM) i5-8250U CPU @ 1.60GHz, 8 cores, 3G,  Windows 11 , 64 bit Build 26100 (10.0.26100.8521)
Time: Sat Jun 20 10:49:27 2026 India Standard Time elapsed time: 9.220393 seconds (0d 0h 0m 9s)

---------------  T H R E A D  ---------------

Current thread (0x0000019c5486bf60):  JavaThread "C2 CompilerThread0" daemon [_thread_in_native, id=8892, stack(0x000000293b100000,0x000000293b200000) (1024K)]


Current CompileTask:
C2:9220 2446       4       org.lombokweb.asm.ClassReader::readUtf (44 bytes)

Stack: [0x000000293b100000,0x000000293b200000]
Native frames: (J=compiled Java code, j=interpreted, Vv=VM code, C=native code)
V  [jvm.dll+0x6d7a39]
V  [jvm.dll+0x8b4b26]
V  [jvm.dll+0x8b70de]
V  [jvm.dll+0x8b77c3]
V  [jvm.dll+0x284346]
V  [jvm.dll+0xc66ed]
V  [jvm.dll+0xc6c31]
V  [jvm.dll+0x3bec3b]
V  [jvm.dll+0x38b162]
V  [jvm.dll+0x38a5aa]
V  [jvm.dll+0x24c560]
V  [jvm.dll+0x24bb40]
V  [jvm.dll+0x1cb34e]
V  [jvm.dll+0x25b85d]
V  [jvm.dll+0x259dea]
V  [jvm.dll+0x3f857e]
V  [jvm.dll+0x85f59d]
V  [jvm.dll+0x6d626d]
C  [ucrtbase.dll+0x2cd30]
C  [KERNEL32.DLL+0x2e957]
C  [ntdll.dll+0x87c1c]


---------------  P R O C E S S  ---------------

Threads class SMR info:
_java_thread_list=0x0000019c719fdcf0, length=18, elements={
0x0000019c524d7350, 0x0000019c5484d580, 0x0000019c54850ad0, 0x0000019c54854a40,
0x0000019c54857550, 0x0000019c54859470, 0x0000019c5485b560, 0x0000019c5486bf60,
0x0000019c5486ef80, 0x0000019c6ccecc70, 0x0000019c6ce47190, 0x0000019c71bf4ab0,
0x0000019c71bf3070, 0x0000019c71bf2350, 0x0000019c71bf1cc0, 0x0000019c71bf5140,
0x0000019c71bf29e0, 0x0000019c71bf3700
}

Java Threads: ( => current thread )
  0x0000019c524d7350 JavaThread "main"                              [_thread_blocked, id=10244, stack(0x000000293a700000,0x000000293a800000) (1024K)]
  0x0000019c5484d580 JavaThread "Reference Handler"          daemon [_thread_blocked, id=20532, stack(0x000000293ab00000,0x000000293ac00000) (1024K)]
  0x0000019c54850ad0 JavaThread "Finalizer"                  daemon [_thread_blocked, id=16776, stack(0x000000293ac00000,0x000000293ad00000) (1024K)]
  0x0000019c54854a40 JavaThread "Signal Dispatcher"          daemon [_thread_blocked, id=14492, stack(0x000000293ad00000,0x000000293ae00000) (1024K)]
  0x0000019c54857550 JavaThread "Attach Listener"            daemon [_thread_blocked, id=20644, stack(0x000000293ae00000,0x000000293af00000) (1024K)]
  0x0000019c54859470 JavaThread "Service Thread"             daemon [_thread_blocked, id=7944, stack(0x000000293af00000,0x000000293b000000) (1024K)]
  0x0000019c5485b560 JavaThread "Monitor Deflation Thread"   daemon [_thread_blocked, id=16620, stack(0x000000293b000000,0x000000293b100000) (1024K)]
=>0x0000019c5486bf60 JavaThread "C2 CompilerThread0"         daemon [_thread_in_native, id=8892, stack(0x000000293b100000,0x000000293b200000) (1024K)]
  0x0000019c5486ef80 JavaThread "C1 CompilerThread0"         daemon [_thread_blocked, id=8240, stack(0x000000293b200000,0x000000293b300000) (1024K)]
  0x0000019c6ccecc70 JavaThread "Common-Cleaner"             daemon [_thread_blocked, id=15284, stack(0x000000293b300000,0x000000293b400000) (1024K)]
  0x0000019c6ce47190 JavaThread "Notification Thread"        daemon [_thread_blocked, id=1316, stack(0x000000293b400000,0x000000293b500000) (1024K)]
  0x0000019c71bf4ab0 JavaThread "Active Thread: Equinox Container: 588c588b-d053-48c3-a6dc-406d8fd19436"        [_thread_blocked, id=16372, stack(0x000000293bc00000,0x000000293bd00000) (1024K)]
  0x0000019c71bf3070 JavaThread "Framework Event Dispatcher: Equinox Container: 588c588b-d053-48c3-a6dc-406d8fd19436" daemon [_thread_blocked, id=13484, stack(0x000000293bd00000,0x000000293be00000) (1024K)]
  0x0000019c71bf2350 JavaThread "Start Level: Equinox Container: 588c588b-d053-48c3-a6dc-406d8fd19436" daemon [_thread_in_vm, id=10172, stack(0x000000293be00000,0x000000293bf00000) (1024K)]
  0x0000019c71bf1cc0 JavaThread "SCR Component Actor"        daemon [_thread_blocked, id=8800, stack(0x000000293c000000,0x000000293c100000) (1024K)]
  0x0000019c71bf5140 JavaThread "Worker-JM"                         [_thread_blocked, id=10760, stack(0x000000293b500000,0x000000293b600000) (1024K)]
  0x0000019c71bf29e0 JavaThread "Worker-0"                          [_thread_blocked, id=15784, stack(0x000000293c100000,0x000000293c200000) (1024K)]
  0x0000019c71bf3700 JavaThread "Worker-1"                          [_thread_blocked, id=9092, stack(0x000000293c200000,0x000000293c300000) (1024K)]
Total: 18

Other Threads:
  0x0000019c5499e620 VMThread "VM Thread"                           [id=1412, stack(0x000000293aa00000,0x000000293ab00000) (1024K)]
  0x0000019c5476ca00 WatcherThread "VM Periodic Task Thread"        [id=3968, stack(0x000000293a900000,0x000000293aa00000) (1024K)]
  0x0000019c548f9470 WorkerThread "GC Thread#0"                     [id=2308, stack(0x000000293a800000,0x000000293a900000) (1024K)]
  0x0000019c712f3330 WorkerThread "GC Thread#1"                     [id=11340, stack(0x000000293b600000,0x000000293b700000) (1024K)]
  0x0000019c712f3a90 WorkerThread "GC Thread#2"                     [id=19056, stack(0x000000293b700000,0x000000293b800000) (1024K)]
  0x0000019c712f36e0 WorkerThread "GC Thread#3"                     [id=7780, stack(0x000000293b800000,0x000000293b900000) (1024K)]
  0x0000019c712f2820 WorkerThread "GC Thread#4"                     [id=20052, stack(0x000000293b900000,0x000000293ba00000) (1024K)]
  0x0000019c712f3e40 WorkerThread "GC Thread#5"                     [id=5848, stack(0x000000293ba00000,0x000000293bb00000) (1024K)]
  0x0000019c712f2470 WorkerThread "GC Thread#6"                     [id=7848, stack(0x000000293bb00000,0x000000293bc00000) (1024K)]
  0x0000019c712f2f80 WorkerThread "GC Thread#7"                     [id=15880, stack(0x000000293bf00000,0x000000293c000000) (1024K)]
Total: 10

Threads with active compile tasks:
C2 CompilerThread0  9263 2446       4       org.lombokweb.asm.ClassReader::readUtf (44 bytes)
Total: 1

VM state: not at safepoint (normal execution)

VM Mutex/Monitor currently owned by a thread: None

Heap address: 0x0000000080000000, size: 2048 MB, Compressed Oops mode: 32-bit

CDS archive(s) mapped at: [0x0000019c00000000-0x0000019c00ba0000-0x0000019c00ba0000), size 12189696, SharedBaseAddress: 0x0000019c00000000, ArchiveRelocationMode: 1.
Compressed class space mapped at: 0x0000019c01000000-0x0000019c41000000, reserved size: 1073741824
Narrow klass base: 0x0000019c00000000, Narrow klass shift: 0, Narrow klass range: 0x100000000

GC Precious Log:
 CardTable entry size: 512
 CPUs: 8 total, 8 available
 Memory: 3973M
 Large Page Support: Disabled
 NUMA Support: Disabled
 Compressed Oops: Enabled (32-bit)
 Alignments: Space 512K, Generation 512K, Heap 2M
 Heap Min Capacity: 100M
 Heap Initial Capacity: 100M
 Heap Max Capacity: 2G
 Pre-touch: Disabled
 Parallel Workers: 8

Heap:
 PSYoungGen      total 29696K, used 21051K [0x00000000d5580000, 0x00000000d7680000, 0x0000000100000000)
  eden space 25600K, 66% used [0x00000000d5580000,0x00000000d6616420,0x00000000d6e80000)
  from space 4096K, 99% used [0x00000000d6e80000,0x00000000d7278880,0x00000000d7280000)
  to   space 4096K, 0% used [0x00000000d7280000,0x00000000d7280000,0x00000000d7680000)
 ParOldGen       total 68608K, used 2945K [0x0000000080000000, 0x0000000084300000, 0x00000000d5580000)
  object space 68608K, 4% used [0x0000000080000000,0x00000000802e0728,0x0000000084300000)
 Metaspace       used 15639K, committed 16256K, reserved 1114112K
  class space    used 1640K, committed 1920K, reserved 1048576K

Card table byte_map: [0x0000019c54280000,0x0000019c54690000] _byte_map_base: 0x0000019c53e80000

Marking Bits: (ParMarkBitMap*) 0x00007ffe39703450
 Begin Bits: [0x0000019c66d90000, 0x0000019c68d90000)
 End Bits:   [0x0000019c68d90000, 0x0000019c6ad90000)

Polling page: 0x0000019c52680000

Metaspace:

Usage:
  Non-class:     13.67 MB used.
      Class:      1.60 MB used.
       Both:     15.28 MB used.

Virtual space:
  Non-class space:       64.00 MB reserved,      14.00 MB ( 22%) committed,  1 nodes.
      Class space:        1.00 GB reserved,       1.88 MB ( <1%) committed,  1 nodes.
             Both:        1.06 GB reserved,      15.88 MB (  1%) committed. 

Chunk freelists:
   Non-Class:  1.16 MB
       Class:  14.16 MB
        Both:  15.31 MB

MaxMetaspaceSize: unlimited
CompressedClassSpaceSize: 1.00 GB
Initial GC threshold: 21.00 MB
Current GC threshold: 21.00 MB
CDS: on
 - commit_granule_bytes: 65536.
 - commit_granule_words: 8192.
 - virtual_space_node_default_size: 8388608.
 - enlarge_chunks_in_place: 1.
 - use_allocation_guard: 0.


Internal statistics:

num_allocs_failed_limit: 0.
num_arena_births: 470.
num_arena_deaths: 0.
num_vsnodes_births: 2.
num_vsnodes_deaths: 0.
num_space_committed: 254.
num_space_uncommitted: 0.
num_chunks_returned_to_freelist: 0.
num_chunks_taken_from_freelist: 1037.
num_chunk_merges: 0.
num_chunk_splits: 660.
num_chunks_enlarged: 411.
num_inconsistent_stats: 0.

CodeHeap 'non-profiled nmethods': size=120000Kb used=1042Kb max_used=1042Kb free=118958Kb
 bounds [0x0000019c5f5b0000, 0x0000019c5f820000, 0x0000019c66ae0000]
CodeHeap 'profiled nmethods': size=120000Kb used=4724Kb max_used=4724Kb free=115275Kb
 bounds [0x0000019c57ae0000, 0x0000019c57f80000, 0x0000019c5f010000]
CodeHeap 'non-nmethods': size=5760Kb used=1265Kb max_used=1283Kb free=4494Kb
 bounds [0x0000019c5f010000, 0x0000019c5f280000, 0x0000019c5f5b0000]
CodeCache: size=245760Kb, used=7031Kb, max_used=7049Kb, free=238727Kb
 total_blobs=2985, nmethods=2449, adapters=442, full_count=0
Compilation: enabled, stopped_count=0, restarted_count=0

Compilation events (20 events):
Event: 7.156 Thread 0x0000019c5486ef80 nmethod 2440 0x0000019c57f70b90 code [0x0000019c57f70d40, 0x0000019c57f70f48]
Event: 7.157 Thread 0x0000019c5486ef80 2441       3       java.lang.Double::parseDouble (5 bytes)
Event: 7.157 Thread 0x0000019c5486ef80 nmethod 2441 0x0000019c57f71010 code [0x0000019c57f711e0, 0x0000019c57f71420]
Event: 7.157 Thread 0x0000019c5486ef80 2442       3       jdk.internal.math.FloatingDecimal::parseDouble (10 bytes)
Event: 7.157 Thread 0x0000019c5486ef80 nmethod 2442 0x0000019c57f71510 code [0x0000019c57f716c0, 0x0000019c57f718a8]
Event: 7.164 Thread 0x0000019c5486bf60 2443       4       java.util.ArrayList$SubList$1::hasNext (20 bytes)
Event: 7.166 Thread 0x0000019c5486bf60 nmethod 2443 0x0000019c5f6b3610 code [0x0000019c5f6b37a0, 0x0000019c5f6b3850]
Event: 7.171 Thread 0x0000019c5486bf60 2444       4       java.lang.ThreadLocal$ThreadLocalMap::getEntry (42 bytes)
Event: 7.173 Thread 0x0000019c5486bf60 nmethod 2444 0x0000019c5f6b3910 code [0x0000019c5f6b3aa0, 0x0000019c5f6b3bf0]
Event: 7.173 Thread 0x0000019c5486bf60 2445   !   4       org.eclipse.osgi.container.ModuleRevisions::getCurrentRevision (56 bytes)
Event: 7.176 Thread 0x0000019c5486bf60 nmethod 2445 0x0000019c5f6b3d10 code [0x0000019c5f6b3ec0, 0x0000019c5f6b4290]
Event: 7.177 Thread 0x0000019c5486bf60 2446       4       org.lombokweb.asm.ClassReader::readUtf (44 bytes)
Event: 7.177 Thread 0x0000019c5486ef80 2447       3       org.lombokweb.asm.SymbolTable$Entry::<init> (18 bytes)
Event: 7.178 Thread 0x0000019c5486ef80 nmethod 2447 0x0000019c57f71990 code [0x0000019c57f71b40, 0x0000019c57f71cb8]
Event: 7.179 Thread 0x0000019c5486ef80 2448       3       org.lombokweb.asm.ByteVector::putByteArray (49 bytes)
Event: 7.179 Thread 0x0000019c5486ef80 nmethod 2448 0x0000019c57f71d90 code [0x0000019c57f71f60, 0x0000019c57f72228]
Event: 7.188 Thread 0x0000019c5486ef80 2450       3       org.lombokweb.asm.ByteVector::<init> (13 bytes)
Event: 7.188 Thread 0x0000019c5486ef80 nmethod 2450 0x0000019c57f72390 code [0x0000019c57f72540, 0x0000019c57f72760]
Event: 7.188 Thread 0x0000019c5486ef80 2452       3       org.lombokweb.asm.ClassReader::readMethod (1070 bytes)
Event: 9.217 Thread 0x0000019c5486ef80 nmethod 2452 0x0000019c57f72810 code [0x0000019c57f72f80, 0x0000019c57f77420]

GC Heap History (6 events):
Event: 3.671 GC heap before
{Heap before GC invocations=1 (full 0):
 PSYoungGen      total 29696K, used 25600K [0x00000000d5580000, 0x00000000d7680000, 0x0000000100000000)
  eden space 25600K, 100% used [0x00000000d5580000,0x00000000d6e80000,0x00000000d6e80000)
  from space 4096K, 0% used [0x00000000d7280000,0x00000000d7280000,0x00000000d7680000)
  to   space 4096K, 0% used [0x00000000d6e80000,0x00000000d6e80000,0x00000000d7280000)
 ParOldGen       total 68608K, used 0K [0x0000000080000000, 0x0000000084300000, 0x00000000d5580000)
  object space 68608K, 0% used [0x0000000080000000,0x0000000080000000,0x0000000084300000)
 Metaspace       used 4365K, committed 4608K, reserved 1114112K
  class space    used 474K, committed 576K, reserved 1048576K
}
Event: 3.685 GC heap after
{Heap after GC invocations=1 (full 0):
 PSYoungGen      total 29696K, used 3287K [0x00000000d5580000, 0x00000000d7680000, 0x0000000100000000)
  eden space 25600K, 0% used [0x00000000d5580000,0x00000000d5580000,0x00000000d6e80000)
  from space 4096K, 80% used [0x00000000d6e80000,0x00000000d71b5ea8,0x00000000d7280000)
  to   space 4096K, 0% used [0x00000000d7280000,0x00000000d7280000,0x00000000d7680000)
 ParOldGen       total 68608K, used 16K [0x0000000080000000, 0x0000000084300000, 0x00000000d5580000)
  object space 68608K, 0% used [0x0000000080000000,0x0000000080004000,0x0000000084300000)
 Metaspace       used 4365K, committed 4608K, reserved 1114112K
  class space    used 474K, committed 576K, reserved 1048576K
}
Event: 4.665 GC heap before
{Heap before GC invocations=2 (full 0):
 PSYoungGen      total 29696K, used 28887K [0x00000000d5580000, 0x00000000d7680000, 0x0000000100000000)
  eden space 25600K, 100% used [0x00000000d5580000,0x00000000d6e80000,0x00000000d6e80000)
  from space 4096K, 80% used [0x00000000d6e80000,0x00000000d71b5ea8,0x00000000d7280000)
  to   space 4096K, 0% used [0x00000000d7280000,0x00000000d7280000,0x00000000d7680000)
 ParOldGen       total 68608K, used 16K [0x0000000080000000, 0x0000000084300000, 0x00000000d5580000)
  object space 68608K, 0% used [0x0000000080000000,0x0000000080004000,0x0000000084300000)
 Metaspace       used 8160K, committed 8512K, reserved 1114112K
  class space    used 868K, committed 1024K, reserved 1048576K
}
Event: 4.674 GC heap after
{Heap after GC invocations=2 (full 0):
 PSYoungGen      total 29696K, used 4075K [0x00000000d5580000, 0x00000000d7680000, 0x0000000100000000)
  eden space 25600K, 0% used [0x00000000d5580000,0x00000000d5580000,0x00000000d6e80000)
  from space 4096K, 99% used [0x00000000d7280000,0x00000000d767aff8,0x00000000d7680000)
  to   space 4096K, 0% used [0x00000000d6e80000,0x00000000d6e80000,0x00000000d7280000)
 ParOldGen       total 68608K, used 1159K [0x0000000080000000, 0x0000000084300000, 0x00000000d5580000)
  object space 68608K, 1% used [0x0000000080000000,0x0000000080121eb8,0x0000000084300000)
 Metaspace       used 8160K, committed 8512K, reserved 1114112K
  class space    used 868K, committed 1024K, reserved 1048576K
}
Event: 5.648 GC heap before
{Heap before GC invocations=3 (full 0):
 PSYoungGen      total 29696K, used 29672K [0x00000000d5580000, 0x00000000d7680000, 0x0000000100000000)
  eden space 25600K, 99% used [0x00000000d5580000,0x00000000d6e7f2a0,0x00000000d6e80000)
  from space 4096K, 99% used [0x00000000d7280000,0x00000000d767aff8,0x00000000d7680000)
  to   space 4096K, 0% used [0x00000000d6e80000,0x00000000d6e80000,0x00000000d7280000)
 ParOldGen       total 68608K, used 1159K [0x0000000080000000, 0x0000000084300000, 0x00000000d5580000)
  object space 68608K, 1% used [0x0000000080000000,0x0000000080121eb8,0x0000000084300000)
 Metaspace       used 13017K, committed 13568K, reserved 1114112K
  class space    used 1379K, committed 1664K, reserved 1048576K
}
Event: 5.655 GC heap after
{Heap after GC invocations=3 (full 0):
 PSYoungGen      total 29696K, used 4066K [0x00000000d5580000, 0x00000000d7680000, 0x0000000100000000)
  eden space 25600K, 0% used [0x00000000d5580000,0x00000000d5580000,0x00000000d6e80000)
  from space 4096K, 99% used [0x00000000d6e80000,0x00000000d7278880,0x00000000d7280000)
  to   space 4096K, 0% used [0x00000000d7280000,0x00000000d7280000,0x00000000d7680000)
 ParOldGen       total 68608K, used 2945K [0x0000000080000000, 0x0000000084300000, 0x00000000d5580000)
  object space 68608K, 4% used [0x0000000080000000,0x00000000802e0728,0x0000000084300000)
 Metaspace       used 13017K, committed 13568K, reserved 1114112K
  class space    used 1379K, committed 1664K, reserved 1048576K
}

Dll operation events (9 events):
Event: 0.113 Loaded shared library c:\Users\Admin\.vscode\extensions\redhat.java-1.54.0-win32-x64\jre\21.0.10-win32-x86_64\bin\java.dll
Event: 0.474 Loaded shared library c:\Users\Admin\.vscode\extensions\redhat.java-1.54.0-win32-x64\jre\21.0.10-win32-x86_64\bin\zip.dll
Event: 0.553 Loaded shared library C:\Users\Admin\.vscode\extensions\redhat.java-1.54.0-win32-x64\jre\21.0.10-win32-x86_64\bin\instrument.dll
Event: 0.574 Loaded shared library C:\Users\Admin\.vscode\extensions\redhat.java-1.54.0-win32-x64\jre\21.0.10-win32-x86_64\bin\net.dll
Event: 0.587 Loaded shared library C:\Users\Admin\.vscode\extensions\redhat.java-1.54.0-win32-x64\jre\21.0.10-win32-x86_64\bin\nio.dll
Event: 0.615 Loaded shared library C:\Users\Admin\.vscode\extensions\redhat.java-1.54.0-win32-x64\jre\21.0.10-win32-x86_64\bin\zip.dll
Event: 0.679 Loaded shared library C:\Users\Admin\.vscode\extensions\redhat.java-1.54.0-win32-x64\jre\21.0.10-win32-x86_64\bin\jimage.dll
Event: 0.889 Loaded shared library c:\Users\Admin\.vscode\extensions\redhat.java-1.54.0-win32-x64\jre\21.0.10-win32-x86_64\bin\verify.dll
Event: 4.644 Loaded shared library C:\Users\Admin\AppData\Roaming\Code\User\globalStorage\redhat.java\1.54.0\config_ss_win\org.eclipse.equinox.launcher\org.eclipse.equinox.launcher.win32.win32.x86_64_1.3.0.v20260203-2149\eclipse_11919.dll

Deoptimization events (20 events):
Event: 7.155 Thread 0x0000019c71bf2350 Uncommon trap: trap_request=0xffffff45 fr.pc=0x0000019c5f6aa0c4 relative=0x00000000000010c4
Event: 7.155 Thread 0x0000019c71bf2350 Uncommon trap: reason=unstable_if action=reinterpret pc=0x0000019c5f6aa0c4 method=jdk.internal.org.objectweb.asm.Frame.execute(IILjdk/internal/org/objectweb/asm/Symbol;Ljdk/internal/org/objectweb/asm/SymbolTable;)V @ 1 c2
Event: 7.155 Thread 0x0000019c71bf2350 DEOPT PACKING pc=0x0000019c5f6aa0c4 sp=0x000000293bef7e00
Event: 7.155 Thread 0x0000019c71bf2350 DEOPT UNPACKING pc=0x0000019c5f063aa2 sp=0x000000293bef7d88 mode 2
Event: 7.178 Thread 0x0000019c71bf2350 Uncommon trap: trap_request=0xffffffde fr.pc=0x0000019c5f6a3644 relative=0x00000000000003e4
Event: 7.178 Thread 0x0000019c71bf2350 Uncommon trap: reason=class_check action=maybe_recompile pc=0x0000019c5f6a3644 method=java.util.regex.Pattern$BmpCharPropertyGreedy.match(Ljava/util/regex/Matcher;ILjava/lang/CharSequence;)Z @ 70 c2
Event: 7.178 Thread 0x0000019c71bf2350 DEOPT PACKING pc=0x0000019c5f6a3644 sp=0x000000293bef3220
Event: 7.178 Thread 0x0000019c71bf2350 DEOPT UNPACKING pc=0x0000019c5f063aa2 sp=0x000000293bef31c8 mode 2
Event: 7.178 Thread 0x0000019c71bf2350 Uncommon trap: trap_request=0xffffffde fr.pc=0x0000019c5f6a3644 relative=0x00000000000003e4
Event: 7.178 Thread 0x0000019c71bf2350 Uncommon trap: reason=class_check action=maybe_recompile pc=0x0000019c5f6a3644 method=java.util.regex.Pattern$BmpCharPropertyGreedy.match(Ljava/util/regex/Matcher;ILjava/lang/CharSequence;)Z @ 70 c2
Event: 7.178 Thread 0x0000019c71bf2350 DEOPT PACKING pc=0x0000019c5f6a3644 sp=0x000000293bef3070
Event: 7.178 Thread 0x0000019c71bf2350 DEOPT UNPACKING pc=0x0000019c5f063aa2 sp=0x000000293bef3018 mode 2
Event: 7.178 Thread 0x0000019c71bf2350 Uncommon trap: trap_request=0xffffffde fr.pc=0x0000019c5f6a3644 relative=0x00000000000003e4
Event: 7.178 Thread 0x0000019c71bf2350 Uncommon trap: reason=class_check action=maybe_recompile pc=0x0000019c5f6a3644 method=java.util.regex.Pattern$BmpCharPropertyGreedy.match(Ljava/util/regex/Matcher;ILjava/lang/CharSequence;)Z @ 70 c2
Event: 7.178 Thread 0x0000019c71bf2350 DEOPT PACKING pc=0x0000019c5f6a3644 sp=0x000000293bef3230
Event: 7.178 Thread 0x0000019c71bf2350 DEOPT UNPACKING pc=0x0000019c5f063aa2 sp=0x000000293bef31d8 mode 2
Event: 7.178 Thread 0x0000019c71bf2350 Uncommon trap: trap_request=0xffffffde fr.pc=0x0000019c5f6a3644 relative=0x00000000000003e4
Event: 7.178 Thread 0x0000019c71bf2350 Uncommon trap: reason=class_check action=maybe_recompile pc=0x0000019c5f6a3644 method=java.util.regex.Pattern$BmpCharPropertyGreedy.match(Ljava/util/regex/Matcher;ILjava/lang/CharSequence;)Z @ 70 c2
Event: 7.178 Thread 0x0000019c71bf2350 DEOPT PACKING pc=0x0000019c5f6a3644 sp=0x000000293bef3080
Event: 7.178 Thread 0x0000019c71bf2350 DEOPT UNPACKING pc=0x0000019c5f063aa2 sp=0x000000293bef3028 mode 2

Classes loaded (20 events):
Event: 5.862 Loading class java/util/zip/DeflaterOutputStream done
Event: 5.862 Loading class java/util/zip/ZipOutputStream done
Event: 5.863 Loading class java/util/concurrent/ExecutionException
Event: 5.863 Loading class java/util/concurrent/ExecutionException done
Event: 5.976 Loading class java/io/FilenameFilter
Event: 5.977 Loading class java/io/FilenameFilter done
Event: 7.009 Loading class java/util/function/LongUnaryOperator
Event: 7.009 Loading class java/util/function/LongUnaryOperator done
Event: 7.010 Loading class java/lang/ThreadDeath
Event: 7.010 Loading class java/lang/ThreadDeath done
Event: 7.028 Loading class java/util/stream/SortedOps$SizedRefSortingSink
Event: 7.028 Loading class java/util/stream/SortedOps$SizedRefSortingSink done
Event: 7.082 Loading class java/util/concurrent/atomic/Striped64$1
Event: 7.082 Loading class java/util/concurrent/atomic/Striped64$1 done
Event: 7.157 Loading class java/util/Collections$UnmodifiableSortedSet
Event: 7.158 Loading class java/util/Collections$UnmodifiableSortedSet done
Event: 7.173 Loading class java/util/zip/GZIPOutputStream
Event: 7.173 Loading class java/util/zip/GZIPOutputStream done
Event: 7.175 Loading class java/util/zip/GZIPInputStream
Event: 7.175 Loading class java/util/zip/GZIPInputStream done

Classes unloaded (0 events):
No events

Classes redefined (0 events):
No events

Internal exceptions (20 events):
Event: 5.664 Thread 0x0000019c71bf2350 Exception <a 'java/lang/NoSuchMethodError'{0x00000000d55b6548}: 'void java.lang.invoke.Invokers$Holder.invokeExact_MT(java.lang.Object, java.lang.Object, java.lang.Object, java.lang.Object)'> (0x00000000d55b6548) 
thrown [s\src\hotspot\share\interpreter\linkResolver.cpp, line 773]
Event: 5.733 Thread 0x0000019c71bf2350 Exception <a 'java/io/FileNotFoundException'{0x00000000d576eb50}> (0x00000000d576eb50) 
thrown [s\src\hotspot\share\prims\jni.cpp, line 520]
Event: 5.735 Thread 0x0000019c71bf2350 Exception <a 'java/io/FileNotFoundException'{0x00000000d57760b8}> (0x00000000d57760b8) 
thrown [s\src\hotspot\share\prims\jni.cpp, line 520]
Event: 5.976 Thread 0x0000019c71bf2350 Exception <a 'java/lang/NoSuchMethodError'{0x00000000d5ceb360}: 'java.lang.Object java.lang.invoke.DirectMethodHandle$Holder.newInvokeSpecial(java.lang.Object, java.lang.Object, java.lang.Object, java.lang.Object, java.lang.Object)'> (0x00000000d5ceb360) 
thrown [s\src\hotspot\share\interpreter\linkResolver.cpp, line 773]
Event: 7.007 Thread 0x0000019c71bf2350 Exception <a 'java/lang/NoSuchMethodError'{0x00000000d5dca398}: 'java.lang.Object java.lang.invoke.DirectMethodHandle$Holder.invokeSpecial(java.lang.Object, java.lang.Object, java.lang.Object, long, java.lang.Object)'> (0x00000000d5dca398) 
thrown [s\src\hotspot\share\interpreter\linkResolver.cpp, line 773]
Event: 7.008 Thread 0x0000019c71bf2350 Exception <a 'java/lang/NoSuchMethodError'{0x00000000d5dd1be0}: 'java.lang.Object java.lang.invoke.DirectMethodHandle$Holder.newInvokeSpecial(java.lang.Object, java.lang.Object, java.lang.Object, long)'> (0x00000000d5dd1be0) 
thrown [s\src\hotspot\share\interpreter\linkResolver.cpp, line 773]
Event: 7.008 Thread 0x0000019c71bf2350 Exception <a 'java/lang/NoSuchMethodError'{0x00000000d5dd5f90}: 'java.lang.Object java.lang.invoke.DirectMethodHandle$Holder.invokeSpecial(java.lang.Object, java.lang.Object, java.lang.Object, java.lang.Object, long)'> (0x00000000d5dd5f90) 
thrown [s\src\hotspot\share\interpreter\linkResolver.cpp, line 773]
Event: 7.009 Thread 0x0000019c71bf2350 Exception <a 'java/lang/NoSuchMethodError'{0x00000000d5dd9bb0}: 'java.lang.Object java.lang.invoke.Invokers$Holder.linkToTargetMethod(java.lang.Object, java.lang.Object, long, java.lang.Object)'> (0x00000000d5dd9bb0) 
thrown [s\src\hotspot\share\interpreter\linkResolver.cpp, line 773]
Event: 7.026 Thread 0x0000019c71bf2350 Exception <a 'java/lang/NoSuchMethodError'{0x00000000d5e4c048}: 'int java.lang.invoke.DirectMethodHandle$Holder.invokeStaticInit(java.lang.Object, java.lang.Object, java.lang.Object)'> (0x00000000d5e4c048) 
thrown [s\src\hotspot\share\interpreter\linkResolver.cpp, line 773]
Event: 7.049 Thread 0x0000019c71bf2350 Exception <a 'java/lang/IncompatibleClassChangeError'{0x00000000d5ee8e48}: Found class java.lang.Object, but interface was expected> (0x00000000d5ee8e48) 
thrown [s\src\hotspot\share\interpreter\linkResolver.cpp, line 840]
Event: 7.053 Thread 0x0000019c71bf2350 Exception <a 'java/lang/NoSuchMethodError'{0x00000000d5eec9f8}: 'java.lang.Object java.lang.invoke.DirectMethodHandle$Holder.invokeSpecial(java.lang.Object, java.lang.Object, java.lang.Object, int, java.lang.Object, java.lang.Object)'> (0x00000000d5eec9f8) 
thrown [s\src\hotspot\share\interpreter\linkResolver.cpp, line 773]
Event: 7.054 Thread 0x0000019c71bf2350 Exception <a 'java/lang/NoSuchMethodError'{0x00000000d5ef44d0}: 'java.lang.Object java.lang.invoke.DirectMethodHandle$Holder.newInvokeSpecial(java.lang.Object, java.lang.Object, java.lang.Object, int, java.lang.Object)'> (0x00000000d5ef44d0) 
thrown [s\src\hotspot\share\interpreter\linkResolver.cpp, line 773]
Event: 7.056 Thread 0x0000019c71bf2350 Exception <a 'java/lang/NoSuchMethodError'{0x00000000d5ef8450}: 'java.lang.Object java.lang.invoke.DirectMethodHandle$Holder.invokeSpecial(java.lang.Object, java.lang.Object, java.lang.Object, java.lang.Object, int, java.lang.Object)'> (0x00000000d5ef8450) 
thrown [s\src\hotspot\share\interpreter\linkResolver.cpp, line 773]
Event: 7.056 Thread 0x0000019c71bf2350 Exception <a 'java/lang/NoSuchMethodError'{0x00000000d5efbf90}: 'java.lang.Object java.lang.invoke.Invokers$Holder.linkToTargetMethod(java.lang.Object, java.lang.Object, int, java.lang.Object, java.lang.Object)'> (0x00000000d5efbf90) 
thrown [s\src\hotspot\share\interpreter\linkResolver.cpp, line 773]
Event: 7.057 Thread 0x0000019c71bf29e0 Exception <a 'java/lang/NoSuchMethodError'{0x00000000d5e16d00}: 'java.lang.Object java.lang.invoke.DirectMethodHandle$Holder.invokeSpecial(java.lang.Object, java.lang.Object, int, java.lang.Object, java.lang.Object)'> (0x00000000d5e16d00) 
thrown [s\src\hotspot\share\interpreter\linkResolver.cpp, line 773]
Event: 7.058 Thread 0x0000019c71bf29e0 Exception <a 'java/lang/NoSuchMethodError'{0x00000000d5e1da38}: 'java.lang.Object java.lang.invoke.DirectMethodHandle$Holder.newInvokeSpecial(java.lang.Object, java.lang.Object, int, java.lang.Object)'> (0x00000000d5e1da38) 
thrown [s\src\hotspot\share\interpreter\linkResolver.cpp, line 773]
Event: 7.059 Thread 0x0000019c71bf29e0 Exception <a 'java/lang/NoSuchMethodError'{0x00000000d5e21318}: 'java.lang.Object java.lang.invoke.DirectMethodHandle$Holder.invokeSpecial(java.lang.Object, java.lang.Object, java.lang.Object, int, java.lang.Object)'> (0x00000000d5e21318) 
thrown [s\src\hotspot\share\interpreter\linkResolver.cpp, line 773]
Event: 7.090 Thread 0x0000019c71bf2350 Exception <a 'java/lang/NoSuchMethodError'{0x00000000d604d680}: 'void java.lang.invoke.DirectMethodHandle$Holder.invokeSpecial(java.lang.Object, java.lang.Object, java.lang.Object, java.lang.Object, java.lang.Object)'> (0x00000000d604d680) 
thrown [s\src\hotspot\share\interpreter\linkResolver.cpp, line 773]
Event: 7.155 Thread 0x0000019c71bf2350 Exception <a 'java/lang/NoSuchMethodError'{0x00000000d6262500}: 'double java.lang.invoke.DirectMethodHandle$Holder.invokeStatic(java.lang.Object, java.lang.Object)'> (0x00000000d6262500) 
thrown [s\src\hotspot\share\interpreter\linkResolver.cpp, line 773]
Event: 7.155 Thread 0x0000019c71bf2350 Exception <a 'java/lang/NoSuchMethodError'{0x00000000d6265bc0}: 'double java.lang.invoke.DirectMethodHandle$Holder.invokeStaticInit(java.lang.Object, java.lang.Object)'> (0x00000000d6265bc0) 
thrown [s\src\hotspot\share\interpreter\linkResolver.cpp, line 773]

ZGC Phase Switch (0 events):
No events

VM Operations (20 events):
Event: 4.352 Executing non-safepoint VM operation: HandshakeAllThreads (Deoptimize) done
Event: 4.371 Executing non-safepoint VM operation: HandshakeAllThreads (Deoptimize)
Event: 4.372 Executing non-safepoint VM operation: HandshakeAllThreads (Deoptimize) done
Event: 4.665 Executing safepoint VM operation: ParallelGCFailedAllocation (Allocation Failure)
Event: 4.675 Executing safepoint VM operation: ParallelGCFailedAllocation (Allocation Failure) done
Event: 4.921 Executing non-safepoint VM operation: HandshakeAllThreads (Deoptimize)
Event: 4.921 Executing non-safepoint VM operation: HandshakeAllThreads (Deoptimize) done
Event: 5.396 Executing non-safepoint VM operation: HandshakeAllThreads (Deoptimize)
Event: 5.396 Executing non-safepoint VM operation: HandshakeAllThreads (Deoptimize) done
Event: 5.648 Executing safepoint VM operation: ParallelGCFailedAllocation (Allocation Failure)
Event: 5.655 Executing safepoint VM operation: ParallelGCFailedAllocation (Allocation Failure) done
Event: 5.764 Executing non-safepoint VM operation: HandshakeAllThreads (Deoptimize)
Event: 5.764 Executing non-safepoint VM operation: HandshakeAllThreads (Deoptimize) done
Event: 5.774 Executing non-safepoint VM operation: HandshakeAllThreads (Deoptimize)
Event: 5.774 Executing non-safepoint VM operation: HandshakeAllThreads (Deoptimize) done
Event: 5.796 Executing non-safepoint VM operation: HandshakeAllThreads (Deoptimize)
Event: 5.796 Executing non-safepoint VM operation: HandshakeAllThreads (Deoptimize) done
Event: 6.796 Executing safepoint VM operation: Cleanup
Event: 6.796 Executing safepoint VM operation: Cleanup done
Event: 7.801 Executing safepoint VM operation: Cleanup

Memory protections (0 events):
No events

Nmethod flushes (0 events):
No events

Events (20 events):
Event: 0.182 Thread 0x0000019c524d7350 Thread added: 0x0000019c524d7350
Event: 0.320 Thread 0x0000019c524d7350 Thread added: 0x0000019c5484d580
Event: 0.320 Thread 0x0000019c524d7350 Thread added: 0x0000019c54850ad0
Event: 0.321 Thread 0x0000019c524d7350 Thread added: 0x0000019c54854a40
Event: 0.321 Thread 0x0000019c524d7350 Thread added: 0x0000019c54857550
Event: 0.321 Thread 0x0000019c524d7350 Thread added: 0x0000019c54859470
Event: 0.321 Thread 0x0000019c524d7350 Thread added: 0x0000019c5485b560
Event: 0.322 Thread 0x0000019c524d7350 Thread added: 0x0000019c5486bf60
Event: 0.322 Thread 0x0000019c524d7350 Thread added: 0x0000019c5486ef80
Event: 0.559 Thread 0x0000019c524d7350 Thread added: 0x0000019c6ccecc70
Event: 1.169 Thread 0x0000019c524d7350 Thread added: 0x0000019c6ce47190
Event: 3.519 Thread 0x0000019c5486ef80 Thread added: 0x0000019c7122e840
Event: 4.271 Thread 0x0000019c524d7350 Thread added: 0x0000019c71bf4ab0
Event: 4.614 Thread 0x0000019c524d7350 Thread added: 0x0000019c71bf3070
Event: 4.622 Thread 0x0000019c524d7350 Thread added: 0x0000019c71bf2350
Event: 4.888 Thread 0x0000019c71bf2350 Thread added: 0x0000019c71bf1cc0
Event: 5.339 Thread 0x0000019c7122e840 Thread exited: 0x0000019c7122e840
Event: 5.460 Thread 0x0000019c71bf2350 Thread added: 0x0000019c71bf5140
Event: 7.012 Thread 0x0000019c71bf2350 Thread added: 0x0000019c71bf29e0
Event: 7.058 Thread 0x0000019c71bf2350 Thread added: 0x0000019c71bf3700


Dynamic libraries:
0x00007ff6b7c00000 - 0x00007ff6b7c0e000 	c:\Users\Admin\.vscode\extensions\redhat.java-1.54.0-win32-x64\jre\21.0.10-win32-x86_64\bin\java.exe
0x00007ffeb1e00000 - 0x00007ffeb2066000 	C:\WINDOWS\SYSTEM32\ntdll.dll
0x00007ffeb07b0000 - 0x00007ffeb0879000 	C:\WINDOWS\System32\KERNEL32.DLL
0x00007ffeaf1f0000 - 0x00007ffeaf5ea000 	C:\WINDOWS\System32\KERNELBASE.dll
0x00007ffeaf770000 - 0x00007ffeaf8bc000 	C:\WINDOWS\System32\ucrtbase.dll
0x00007ffe826e0000 - 0x00007ffe826f8000 	c:\Users\Admin\.vscode\extensions\redhat.java-1.54.0-win32-x64\jre\21.0.10-win32-x86_64\bin\jli.dll
0x00007ffe86c30000 - 0x00007ffe86c4e000 	c:\Users\Admin\.vscode\extensions\redhat.java-1.54.0-win32-x64\jre\21.0.10-win32-x86_64\bin\VCRUNTIME140.dll
0x00007ffeb12e0000 - 0x00007ffeb14a7000 	C:\WINDOWS\System32\USER32.dll
0x00007ffeaf950000 - 0x00007ffeaf977000 	C:\WINDOWS\System32\win32u.dll
0x00007ffeafb70000 - 0x00007ffeafb9b000 	C:\WINDOWS\System32\GDI32.dll
0x00007ffeaf980000 - 0x00007ffeafaab000 	C:\WINDOWS\System32\gdi32full.dll
0x00007ffeaf140000 - 0x00007ffeaf1e3000 	C:\WINDOWS\System32\msvcp_win.dll
0x00007ffe94f90000 - 0x00007ffe95222000 	C:\WINDOWS\WinSxS\amd64_microsoft.windows.common-controls_6595b64144ccf1df_6.0.26100.8521_none_3e08b75ce33403b3\COMCTL32.dll
0x00007ffeb0c70000 - 0x00007ffeb0d19000 	C:\WINDOWS\System32\msvcrt.dll
0x00007ffeafba0000 - 0x00007ffeafbd2000 	C:\WINDOWS\System32\IMM32.DLL
0x00007ffe981b0000 - 0x00007ffe981bc000 	c:\Users\Admin\.vscode\extensions\redhat.java-1.54.0-win32-x64\jre\21.0.10-win32-x86_64\bin\vcruntime140_1.dll
0x00007ffe62e70000 - 0x00007ffe62efd000 	c:\Users\Admin\.vscode\extensions\redhat.java-1.54.0-win32-x64\jre\21.0.10-win32-x86_64\bin\msvcp140.dll
0x00007ffe38a40000 - 0x00007ffe397e1000 	c:\Users\Admin\.vscode\extensions\redhat.java-1.54.0-win32-x64\jre\21.0.10-win32-x86_64\bin\server\jvm.dll
0x00007ffeb0f00000 - 0x00007ffeb0fb6000 	C:\WINDOWS\System32\ADVAPI32.dll
0x00007ffeafbf0000 - 0x00007ffeafc9a000 	C:\WINDOWS\System32\sechost.dll
0x00007ffeb1bd0000 - 0x00007ffeb1ce8000 	C:\WINDOWS\System32\RPCRT4.dll
0x00007ffeb05c0000 - 0x00007ffeb0640000 	C:\WINDOWS\System32\WS2_32.dll
0x00007ffeaef10000 - 0x00007ffeaef6e000 	C:\WINDOWS\SYSTEM32\POWRPROF.dll
0x00007ffea5450000 - 0x00007ffea545b000 	C:\WINDOWS\SYSTEM32\VERSION.dll
0x00007ffea83e0000 - 0x00007ffea8416000 	C:\WINDOWS\SYSTEM32\WINMM.dll
0x00007ffeaeef0000 - 0x00007ffeaef04000 	C:\WINDOWS\SYSTEM32\UMPDC.dll
0x00007ffeade20000 - 0x00007ffeade3b000 	C:\WINDOWS\SYSTEM32\kernel.appcore.dll
0x00007ffe8eed0000 - 0x00007ffe8eeda000 	c:\Users\Admin\.vscode\extensions\redhat.java-1.54.0-win32-x64\jre\21.0.10-win32-x86_64\bin\jimage.dll
0x00007ffe63270000 - 0x00007ffe634b2000 	C:\WINDOWS\SYSTEM32\DBGHELP.DLL
0x00007ffeb0880000 - 0x00007ffeb0c03000 	C:\WINDOWS\System32\combase.dll
0x00007ffeb0650000 - 0x00007ffeb0729000 	C:\WINDOWS\System32\OLEAUT32.dll
0x00007ffe9c7e0000 - 0x00007ffe9c81b000 	C:\WINDOWS\SYSTEM32\dbgcore.DLL
0x00007ffeaf090000 - 0x00007ffeaf138000 	C:\WINDOWS\System32\bcryptPrimitives.dll
0x00007ffe8ed10000 - 0x00007ffe8ed1f000 	c:\Users\Admin\.vscode\extensions\redhat.java-1.54.0-win32-x64\jre\21.0.10-win32-x86_64\bin\instrument.dll
0x00007ffe821f0000 - 0x00007ffe82210000 	c:\Users\Admin\.vscode\extensions\redhat.java-1.54.0-win32-x64\jre\21.0.10-win32-x86_64\bin\java.dll
0x00007ffeafdb0000 - 0x00007ffeb0534000 	C:\WINDOWS\System32\SHELL32.dll
0x00007ffeacc90000 - 0x00007ffead510000 	C:\WINDOWS\SYSTEM32\windows.storage.dll
0x00007ffeb1120000 - 0x00007ffeb1216000 	C:\WINDOWS\System32\SHCORE.dll
0x00007ffeb0550000 - 0x00007ffeb05b7000 	C:\WINDOWS\System32\shlwapi.dll
0x00007ffeaefb0000 - 0x00007ffeaefd9000 	C:\WINDOWS\SYSTEM32\profapi.dll
0x00007ffe82150000 - 0x00007ffe82168000 	c:\Users\Admin\.vscode\extensions\redhat.java-1.54.0-win32-x64\jre\21.0.10-win32-x86_64\bin\zip.dll
0x00007ffe8ea00000 - 0x00007ffe8ea10000 	C:\Users\Admin\.vscode\extensions\redhat.java-1.54.0-win32-x64\jre\21.0.10-win32-x86_64\bin\net.dll
0x00007ffea57c0000 - 0x00007ffea58e9000 	C:\WINDOWS\SYSTEM32\WINHTTP.dll
0x00007ffeae390000 - 0x00007ffeae3fc000 	C:\WINDOWS\system32\mswsock.dll
0x00007ffe7ee00000 - 0x00007ffe7ee16000 	C:\Users\Admin\.vscode\extensions\redhat.java-1.54.0-win32-x64\jre\21.0.10-win32-x86_64\bin\nio.dll
0x00007ffe8e200000 - 0x00007ffe8e210000 	c:\Users\Admin\.vscode\extensions\redhat.java-1.54.0-win32-x64\jre\21.0.10-win32-x86_64\bin\verify.dll
0x00007ffe7ed00000 - 0x00007ffe7ed45000 	C:\Users\Admin\AppData\Roaming\Code\User\globalStorage\redhat.java\1.54.0\config_ss_win\org.eclipse.equinox.launcher\org.eclipse.equinox.launcher.win32.win32.x86_64_1.3.0.v20260203-2149\eclipse_11919.dll
0x00007ffeb1a30000 - 0x00007ffeb1bc8000 	C:\WINDOWS\System32\ole32.dll

JVMTI agents:
c:\Users\Admin\.vscode\extensions\redhat.java-1.54.0-win32-x64\lombok\lombok-1.18.39-4050.jar path:c:\Users\Admin\.vscode\extensions\redhat.java-1.54.0-win32-x64\jre\21.0.10-win32-x86_64\bin\instrument.dll, loaded, initialized, instrumentlib options:none

dbghelp: loaded successfully - version: 4.0.5 - missing functions: none
symbol engine: initialized successfully - sym options: 0x614 - pdb path: .;c:\Users\Admin\.vscode\extensions\redhat.java-1.54.0-win32-x64\jre\21.0.10-win32-x86_64\bin;C:\WINDOWS\SYSTEM32;C:\WINDOWS\WinSxS\amd64_microsoft.windows.common-controls_6595b64144ccf1df_6.0.26100.8521_none_3e08b75ce33403b3;c:\Users\Admin\.vscode\extensions\redhat.java-1.54.0-win32-x64\jre\21.0.10-win32-x86_64\bin\server;C:\Users\Admin\AppData\Roaming\Code\User\globalStorage\redhat.java\1.54.0\config_ss_win\org.eclipse.equinox.launcher\org.eclipse.equinox.launcher.win32.win32.x86_64_1.3.0.v20260203-2149

VM Arguments:
jvm_args: --add-modules=ALL-SYSTEM --add-opens=java.base/java.util=ALL-UNNAMED --add-opens=java.base/java.lang=ALL-UNNAMED --add-opens=java.base/sun.nio.fs=ALL-UNNAMED -Declipse.application=org.eclipse.jdt.ls.core.id1 -Dosgi.bundles.defaultStartLevel=4 -Declipse.product=org.eclipse.jdt.ls.core.product -Djava.import.generatesMetadataFilesAtProjectRoot=false -DDetectVMInstallationsJob.disabled=true -Dfile.encoding=utf8 -XX:+UseParallelGC -XX:GCTimeRatio=4 -XX:AdaptiveSizePolicyWeight=90 -Dsun.zip.disableMemoryMapping=true -Xmx2G -Xms100m -Xlog:disable -javaagent:c:\Users\Admin\.vscode\extensions\redhat.java-1.54.0-win32-x64\lombok\lombok-1.18.39-4050.jar 
java_command: c:\Users\Admin\.vscode\extensions\redhat.java-1.54.0-win32-x64\server\plugins\org.eclipse.equinox.launcher_1.7.100.v20251111-0406.jar -configuration c:\Users\Admin\AppData\Roaming\Code\User\globalStorage\redhat.java\1.54.0\config_ss_win -data c:\Users\Admin\AppData\Roaming\Code\User\workspaceStorage\8c70f401a2d6d77753f2398525be7b14\redhat.java\ss_ws --pipe=\\.\pipe\lsp-7c286fff52f218e15e352fcfb950046d-sock
java_class_path (initial): c:\Users\Admin\.vscode\extensions\redhat.java-1.54.0-win32-x64\server\plugins\org.eclipse.equinox.launcher_1.7.100.v20251111-0406.jar
Launcher Type: SUN_STANDARD

[Global flags]
    uintx AdaptiveSizePolicyWeight                 = 90                                        {product} {command line}
     intx CICompilerCount                          = 4                                         {product} {ergonomic}
    uintx GCTimeRatio                              = 4                                         {product} {command line}
   size_t InitialHeapSize                          = 104857600                                 {product} {command line}
   size_t MaxHeapSize                              = 2147483648                                {product} {command line}
   size_t MaxNewSize                               = 715653120                                 {product} {ergonomic}
   size_t MinHeapDeltaBytes                        = 524288                                    {product} {ergonomic}
   size_t MinHeapSize                              = 104857600                                 {product} {command line}
   size_t NewSize                                  = 34603008                                  {product} {ergonomic}
    uintx NonNMethodCodeHeapSize                   = 5839372                                {pd product} {ergonomic}
    uintx NonProfiledCodeHeapSize                  = 122909434                              {pd product} {ergonomic}
   size_t OldSize                                  = 70254592                                  {product} {ergonomic}
    uintx ProfiledCodeHeapSize                     = 122909434                              {pd product} {ergonomic}
    uintx ReservedCodeCacheSize                    = 251658240                              {pd product} {ergonomic}
     bool SegmentedCodeCache                       = true                                      {product} {ergonomic}
   size_t SoftMaxHeapSize                          = 2147483648                             {manageable} {ergonomic}
     bool UseCompressedOops                        = true                           {product lp64_product} {ergonomic}
     bool UseLargePagesIndividualAllocation        = false                                  {pd product} {ergonomic}
     bool UseParallelGC                            = true                                      {product} {command line}

Logging:
Log output configuration:
 #0: stdout all=off uptime,level,tags foldmultilines=false
 #1: stderr all=off uptime,level,tags foldmultilines=false

Release file:
JAVA_VERSION="21.0.10" 
MODULES="java.base java.compiler java.datatransfer java.xml java.prefs java.desktop java.instrument java.logging java.management java.security.sasl java.naming java.rmi java.management.rmi java.net.http java.scripting java.security.jgss java.transaction.xa java.sql java.sql.rowset java.xml.crypto java.se java.smartcardio jdk.accessibility jdk.internal.jvmstat jdk.attach jdk.charsets jdk.internal.opt jdk.zipfs jdk.compiler jdk.crypto.ec jdk.crypto.cryptoki jdk.crypto.mscapi jdk.dynalink jdk.internal.ed jdk.editpad jdk.hotspot.agent jdk.httpserver jdk.internal.le jdk.internal.vm.ci jdk.internal.vm.compiler jdk.internal.vm.compiler.management jdk.jartool jdk.javadoc jdk.jcmd jdk.management jdk.management.agent jdk.jconsole jdk.jdeps jdk.jdwp.agent jdk.jdi jdk.jfr jdk.jshell jdk.jsobject jdk.jstatd jdk.localedata jdk.management.jfr jdk.naming.dns jdk.naming.rmi jdk.net jdk.nio.mapmode jdk.random jdk.sctp jdk.security.auth jdk.security.jgss jdk.unsupported jdk.unsupported.desktop jdk.xml.dom" 

Environment Variables:
PATH=F:\oracle\product\10.2.0\db_3\bin;C:\oraclexe\app\oracle\product\10.2.0\server\bin;C:\Program Files (x86)\Common Files\Oracle\Java\javapath;C:\WINDOWS\system32;C:\WINDOWS;C:\WINDOWS\System32\Wbem;C:\WINDOWS\System32\WindowsPowerShell\v1.0\;C:\WINDOWS\System32\OpenSSH\;C:\Users\Admin\.local\bin;C:\Users\Admin\AppData\Local\Microsoft\WindowsApps;C:\Users\Admin\AppData\Local\Programs\Microsoft VS Code\bin
USERNAME=Admin
OS=Windows_NT
PROCESSOR_IDENTIFIER=Intel64 Family 6 Model 142 Stepping 10, GenuineIntel
TMP=C:\Users\Admin\AppData\Local\Temp
TEMP=C:\Users\Admin\AppData\Local\Temp




Periodic native trim disabled

---------------  S Y S T E M  ---------------

OS:
 Windows 11 , 64 bit Build 26100 (10.0.26100.8521)
OS uptime: 3 days 18:31 hours

CPU: total 8 (initial active 8) (4 cores per cpu, 2 threads per core) family 6 model 142 stepping 10 microcode 0xe0, cx8, cmov, fxsr, ht, mmx, 3dnowpref, sse, sse2, sse3, ssse3, sse4.1, sse4.2, popcnt, lzcnt, tsc, tscinvbit, avx, avx2, aes, erms, clmul, bmi1, bmi2, adx, fma, vzeroupper, clflush, clflushopt, rdtscp, f16c
Processor Information for the first 8 processors :
  Max Mhz: 1800, Current Mhz: 1600, Mhz Limit: 1584

Memory: 4k page, system-wide physical 3973M (146M free)
TotalPageFile size 16261M (AvailPageFile size 0M)
current process WorkingSet (physical memory assigned to process): 109M, peak: 113M
current process commit charge ("private bytes"): 253M, peak: 253M

vm_info: OpenJDK 64-Bit Server VM (21.0.10+7-LTS) for windows-amd64 JRE (21.0.10+7-LTS), built on 2026-01-20T00:00:00Z by "admin" with MS VC++ 17.12 (VS2022)

END.
